[2026-03-17T06:10:12.523Z] GET /health
[2026-03-17T06:10:44.706Z] GET /health
[2026-03-17T06:24:35.729Z] GET /health
[2026-03-17T06:43:26.835Z] GET /health
[2026-03-17T06:45:11.163Z] GET /health
[2026-03-17T06:46:08.859Z] GET /health
[2026-03-17T06:46:20.587Z] GET /health
[2026-03-17T07:20:18.709Z] GET /health
[2026-03-17T07:23:05.748Z] POST /api/send-otp
[2026-03-17T07:30:33.227Z] GET /health
[2026-03-17T07:30:33.441Z] GET /favicon.ico
[2026-03-17T07:32:03.629Z] POST /api/send-otp
[2026-03-17T07:32:39.715Z] POST /api/send-otp
[2026-03-17T07:35:40.640Z] POST /api/send-otp
[2026-03-17T07:37:23.368Z] POST /api/send-otp
[2026-03-17T07:37:37.394Z] POST /api/verify-otp
[2026-03-17T07:38:49.983Z] POST /api/send-otp
[2026-03-17T07:38:57.477Z] POST /api/verify-otp
[2026-03-17T07:42:57.811Z] GET /health
[2026-03-17T07:43:13.983Z] POST /api/send-otp
[2026-03-17T07:43:22.884Z] POST /api/verify-otp
[2026-03-17T07:44:18.811Z] POST /api/send-otp
[2026-03-17T07:44:27.823Z] POST /api/verify-otp
[2026-03-17T07:59:50.248Z] POST /api/send-otp
[2026-03-17T07:59:59.035Z] POST /api/verify-otp
[2026-03-17T09:24:40.745Z] POST /api/send-otp
[2026-03-17T10:00:17.368Z] POST /api/send-otp
[2026-03-17T10:22:08.502Z] POST /api/send-otp
[2026-03-17T10:22:19.983Z] POST /api/verify-otp
[2026-03-17T10:23:11.314Z] POST /api/send-otp
[2026-03-17T10:23:20.145Z] POST /api/verify-otp
[2026-03-17T12:02:05.910Z] POST /api/send-otp
[2026-03-17T12:29:02.914Z] POST /api/send-otp
[2026-03-17T12:51:25.918Z] POST /api/send-otp
[2026-03-17T12:51:35.945Z] POST /api/verify-otp
[2026-03-18T06:16:35.452Z] POST /api/send-otp
[2026-03-18T06:21:24.671Z] POST /api/send-otp
[2026-03-18T06:39:35.133Z] HEAD /health
[2026-03-18T06:39:35.145Z] GET /health
[2026-03-18T11:25:51.275Z] POST /api/send-otp
[2026-03-18T11:26:03.635Z] POST /api/send-otp
[2026-03-18T11:26:11.914Z] POST /api/send-otp
[2026-03-18T11:26:31.238Z] POST /api/send-otp
[2026-03-18T11:26:42.895Z] POST /api/send-otp
[2026-03-18T11:27:09.370Z] POST /api/send-otp
[2026-03-18T11:55:53.383Z] GET /api
[2026-03-18T11:55:53.573Z] GET /favicon.ico
[2026-03-18T12:07:17.175Z] GET /health
[2026-03-18T12:10:17.834Z] GET /health
[2026-03-18T12:10:17.950Z] GET /favicon.ico
[2026-03-18T12:10:31.424Z] POST /api/send-otp
[2026-03-18T12:28:34.158Z] GET /health
[2026-03-18T12:31:45.674Z] POST /api/send-otp
[2026-03-18T12:32:21.779Z] POST /api/send-otp
[2026-03-18T12:39:40.126Z] POST /api/send-otp
[2026-03-18T12:40:13.521Z] POST /api/verify-otp
[2026-03-18T12:46:02.859Z] GET /health
[2026-03-18T12:51:43.711Z] POST /api/send-otp
[2026-03-18T12:52:05.599Z] POST /api/verify-otp
[2026-03-18T12:57:10.276Z] POST /api/send-otp
[2026-03-18T12:57:19.920Z] POST /api/verify-otp
[2026-03-18T12:57:28.658Z] POST /api/send-otp
[2026-03-18T12:57:37.359Z] POST /api/verify-otp
[2026-03-19T04:37:31.557Z] POST /api/send-otp
[2026-03-19T04:38:32.182Z] POST /api/send-otp
[2026-03-19T04:47:58.861Z] POST /api/send-otp
[2026-03-19T04:48:10.853Z] POST /api/verify-otp
